{"total": {"lines":{"total":439,"covered":400,"skipped":0,"pct":91.11},"statements":{"total":439,"covered":400,"skipped":0,"pct":91.11},"functions":{"total":15,"covered":13,"skipped":0,"pct":86.66},"branches":{"total":96,"covered":41,"skipped":0,"pct":42.7},"branchesTrue":{"total":0,"covered":0,"skipped":0,"pct":100}}
,"/Users/andrew.grizhenkov/HMCTS/dev/PROJECTS/rpx-xui-e2e-tests/playwright.config.ts": {"lines":{"total":158,"covered":148,"skipped":0,"pct":93.67},"functions":{"total":5,"covered":5,"skipped":0,"pct":100},"statements":{"total":158,"covered":148,"skipped":0,"pct":93.67},"branches":{"total":51,"covered":17,"skipped":0,"pct":33.33}}
,"/Users/andrew.grizhenkov/HMCTS/dev/PROJECTS/rpx-xui-e2e-tests/config/configManager.ts": {"lines":{"total":95,"covered":93,"skipped":0,"pct":97.89},"functions":{"total":6,"covered":6,"skipped":0,"pct":100},"statements":{"total":95,"covered":93,"skipped":0,"pct":97.89},"branches":{"total":27,"covered":22,"skipped":0,"pct":81.48}}
,"/Users/andrew.grizhenkov/HMCTS/dev/PROJECTS/rpx-xui-e2e-tests/config/index.ts": {"lines":{"total":133,"covered":126,"skipped":0,"pct":94.73},"functions":{"total":1,"covered":0,"skipped":0,"pct":0},"statements":{"total":133,"covered":126,"skipped":0,"pct":94.73},"branches":{"total":14,"covered":0,"skipped":0,"pct":0}}
,"/Users/andrew.grizhenkov/HMCTS/dev/PROJECTS/rpx-xui-e2e-tests/fixtures/baseTest.ts": {"lines":{"total":53,"covered":33,"skipped":0,"pct":62.26},"functions":{"total":3,"covered":2,"skipped":0,"pct":66.66},"statements":{"total":53,"covered":33,"skipped":0,"pct":62.26},"branches":{"total":4,"covered":2,"skipped":0,"pct":50}}
}
